2024-11-06 21:42:39 [main] INFO  Main.Main - Запуск програми.
2024-11-06 21:42:44 [main] INFO  Main.Main - 
Зимноводівський експрес, Вагони:[Назва вагона  - Бізнес клас, К-сть місць - 20, К-сть сумок на особу - 10, Ціна - 2000.0грн Рівень комфортності 3
, Назва вагона  - Бізнес клас, К-сть місць - 20, К-сть сумок на особу - 10, Ціна - 2000.0грн Рівень комфортності 3
, Назва вагона  - Середній клас, К-сть місць - 45, К-сть сумок на особу - 4, Ціна - 750.0грн Рівень комфортності 2
, Назва вагона  - Бізнес клас, К-сть місць - 20, К-сть сумок на особу - 10, Ціна - 2000.0грн Рівень комфортності 3
, Назва вагона  - Бізнес клас, К-сть місць - 20, К-сть сумок на особу - 10, Ціна - 2000.0грн Рівень комфортності 3
, Назва вагона  - Середній клас, К-сть місць - 45, К-сть сумок на особу - 4, Ціна - 750.0грн Рівень комфортності 2
, Назва вагона  - Бізнес клас, К-сть місць - 20, К-сть сумок на особу - 10, Ціна - 2000.0грн Рівень комфортності 3
, Назва вагона  - Бізнес клас, К-сть місць - 20, К-сть сумок на особу - 10, Ціна - 2000.0грн Рівень комфортності 3
, Назва вагона  - Бізнес клас, К-сть місць - 20, К-сть сумок на особу - 10, Ціна - 2000.0грн Рівень комфортності 3
, Назва вагона  - Бізнес клас, К-сть місць - 20, К-сть сумок на особу - 10, Ціна - 2000.0грн Рівень комфортності 3
, Назва вагона  - Середній клас, К-сть місць - 45, К-сть сумок на особу - 4, Ціна - 750.0грн Рівень комфортності 2
, Назва вагона  - Економ клас, К-сть місць - 60, К-сть сумок на особу - 2, Ціна - 500.0грн Рівень комфортності 1
]
2024-11-06 21:42:44 [main] INFO  Main.Main - 
Львівський експрес, Вагони:[Назва вагона  - Середній клас, К-сть місць - 45, К-сть сумок на особу - 4, Ціна - 750.0грн Рівень комфортності 2
, Назва вагона  - Бізнес клас, К-сть місць - 20, К-сть сумок на особу - 10, Ціна - 2000.0грн Рівень комфортності 3
, Назва вагона  - Середній клас, К-сть місць - 45, К-сть сумок на особу - 4, Ціна - 750.0грн Рівень комфортності 2
, Назва вагона  - Бізнес клас, К-сть місць - 20, К-сть сумок на особу - 10, Ціна - 2000.0грн Рівень комфортності 3
, Назва вагона  - Середній клас, К-сть місць - 45, К-сть сумок на особу - 4, Ціна - 750.0грн Рівень комфортності 2
, Назва вагона  - Середній клас, К-сть місць - 45, К-сть сумок на особу - 4, Ціна - 750.0грн Рівень комфортності 2
, Назва вагона  - Середній клас, К-сть місць - 45, К-сть сумок на особу - 4, Ціна - 750.0грн Рівень комфортності 2
, Назва вагона  - Бізнес клас, К-сть місць - 20, К-сть сумок на особу - 10, Ціна - 2000.0грн Рівень комфортності 3
, Назва вагона  - Середній клас, К-сть місць - 45, К-сть сумок на особу - 4, Ціна - 750.0грн Рівень комфортності 2
, Назва вагона  - Середній клас, К-сть місць - 45, К-сть сумок на особу - 4, Ціна - 750.0грн Рівень комфортності 2
, Назва вагона  - Середній клас, К-сть місць - 45, К-сть сумок на особу - 4, Ціна - 750.0грн Рівень комфортності 2
, Назва вагона  - Економ клас, К-сть місць - 60, К-сть сумок на особу - 2, Ціна - 500.0грн Рівень комфортності 1
]
2024-11-06 21:42:44 [main] INFO  Main.Main - 
Солонківський поїзд, Вагони:[Назва вагона  - Економ клас, К-сть місць - 60, К-сть сумок на особу - 2, Ціна - 500.0грн Рівень комфортності 1
, Назва вагона  - Економ клас, К-сть місць - 60, К-сть сумок на особу - 2, Ціна - 500.0грн Рівень комфортності 1
, Назва вагона  - Середній клас, К-сть місць - 45, К-сть сумок на особу - 4, Ціна - 750.0грн Рівень комфортності 2
, Назва вагона  - Економ клас, К-сть місць - 60, К-сть сумок на особу - 2, Ціна - 500.0грн Рівень комфортності 1
, Назва вагона  - Економ клас, К-сть місць - 60, К-сть сумок на особу - 2, Ціна - 500.0грн Рівень комфортності 1
, Назва вагона  - Економ клас, К-сть місць - 60, К-сть сумок на особу - 2, Ціна - 500.0грн Рівень комфортності 1
, Назва вагона  - Економ клас, К-сть місць - 60, К-сть сумок на особу - 2, Ціна - 500.0грн Рівень комфортності 1
, Назва вагона  - Середній клас, К-сть місць - 45, К-сть сумок на особу - 4, Ціна - 750.0грн Рівень комфортності 2
, Назва вагона  - Економ клас, К-сть місць - 60, К-сть сумок на особу - 2, Ціна - 500.0грн Рівень комфортності 1
, Назва вагона  - Середній клас, К-сть місць - 45, К-сть сумок на особу - 4, Ціна - 750.0грн Рівень комфортності 2
, Назва вагона  - Економ клас, К-сть місць - 60, К-сть сумок на особу - 2, Ціна - 500.0грн Рівень комфортності 1
, Назва вагона  - Бізнес клас, К-сть місць - 20, К-сть сумок на особу - 10, Ціна - 2000.0грн Рівень комфортності 3
]
2024-11-06 21:42:44 [main] INFO  Main.Main - 
Рівненьска електричка, Вагони:[Назва вагона  - Середній клас, К-сть місць - 45, К-сть сумок на особу - 4, Ціна - 750.0грн Рівень комфортності 2
, Назва вагона  - Економ клас, К-сть місць - 60, К-сть сумок на особу - 2, Ціна - 500.0грн Рівень комфортності 1
, Назва вагона  - Економ клас, К-сть місць - 60, К-сть сумок на особу - 2, Ціна - 500.0грн Рівень комфортності 1
, Назва вагона  - Середній клас, К-сть місць - 45, К-сть сумок на особу - 4, Ціна - 750.0грн Рівень комфортності 2
, Назва вагона  - Середній клас, К-сть місць - 45, К-сть сумок на особу - 4, Ціна - 750.0грн Рівень комфортності 2
, Назва вагона  - Середній клас, К-сть місць - 45, К-сть сумок на особу - 4, Ціна - 750.0грн Рівень комфортності 2
, Назва вагона  - Середній клас, К-сть місць - 45, К-сть сумок на особу - 4, Ціна - 750.0грн Рівень комфортності 2
, Назва вагона  - Середній клас, К-сть місць - 45, К-сть сумок на особу - 4, Ціна - 750.0грн Рівень комфортності 2
, Назва вагона  - Середній клас, К-сть місць - 45, К-сть сумок на особу - 4, Ціна - 750.0грн Рівень комфортності 2
, Назва вагона  - Економ клас, К-сть місць - 60, К-сть сумок на особу - 2, Ціна - 500.0грн Рівень комфортності 1
, Назва вагона  - Середній клас, К-сть місць - 45, К-сть сумок на особу - 4, Ціна - 750.0грн Рівень комфортності 2
, Назва вагона  - Бізнес клас, К-сть місць - 20, К-сть сумок на особу - 10, Ціна - 2000.0грн Рівень комфортності 3
]
2024-11-06 21:42:44 [main] INFO  Main.Main - 
Х'юндай, Вагони:[Назва вагона  - Бізнес клас, К-сть місць - 20, К-сть сумок на особу - 10, Ціна - 2000.0грн Рівень комфортності 3
, Назва вагона  - Бізнес клас, К-сть місць - 20, К-сть сумок на особу - 10, Ціна - 2000.0грн Рівень комфортності 3
, Назва вагона  - Середній клас, К-сть місць - 45, К-сть сумок на особу - 4, Ціна - 750.0грн Рівень комфортності 2
, Назва вагона  - Бізнес клас, К-сть місць - 20, К-сть сумок на особу - 10, Ціна - 2000.0грн Рівень комфортності 3
, Назва вагона  - Бізнес клас, К-сть місць - 20, К-сть сумок на особу - 10, Ціна - 2000.0грн Рівень комфортності 3
, Назва вагона  - Середній клас, К-сть місць - 45, К-сть сумок на особу - 4, Ціна - 750.0грн Рівень комфортності 2
, Назва вагона  - Бізнес клас, К-сть місць - 20, К-сть сумок на особу - 10, Ціна - 2000.0грн Рівень комфортності 3
, Назва вагона  - Бізнес клас, К-сть місць - 20, К-сть сумок на особу - 10, Ціна - 2000.0грн Рівень комфортності 3
, Назва вагона  - Бізнес клас, К-сть місць - 20, К-сть сумок на особу - 10, Ціна - 2000.0грн Рівень комфортності 3
, Назва вагона  - Бізнес клас, К-сть місць - 20, К-сть сумок на особу - 10, Ціна - 2000.0грн Рівень комфортності 3
, Назва вагона  - Середній клас, К-сть місць - 45, К-сть сумок на особу - 4, Ціна - 750.0грн Рівень комфортності 2
, Назва вагона  - Економ клас, К-сть місць - 60, К-сть сумок на особу - 2, Ціна - 500.0грн Рівень комфортності 1
]
2024-11-06 21:42:44 [main] INFO  Main.Main - 
Лондон - Зимна Вода, Вагони:[Назва вагона  - Бізнес клас, К-сть місць - 20, К-сть сумок на особу - 10, Ціна - 2000.0грн Рівень комфортності 3
, Назва вагона  - Бізнес клас, К-сть місць - 20, К-сть сумок на особу - 10, Ціна - 2000.0грн Рівень комфортності 3
, Назва вагона  - Бізнес клас, К-сть місць - 20, К-сть сумок на особу - 10, Ціна - 2000.0грн Рівень комфортності 3
, Назва вагона  - Бізнес клас, К-сть місць - 20, К-сть сумок на особу - 10, Ціна - 2000.0грн Рівень комфортності 3
, Назва вагона  - Середній клас, К-сть місць - 45, К-сть сумок на особу - 4, Ціна - 750.0грн Рівень комфортності 2
, Назва вагона  - Бізнес клас, К-сть місць - 20, К-сть сумок на особу - 10, Ціна - 2000.0грн Рівень комфортності 3
, Назва вагона  - Середній клас, К-сть місць - 45, К-сть сумок на особу - 4, Ціна - 750.0грн Рівень комфортності 2
, Назва вагона  - Бізнес клас, К-сть місць - 20, К-сть сумок на особу - 10, Ціна - 2000.0грн Рівень комфортності 3
, Назва вагона  - Середній клас, К-сть місць - 45, К-сть сумок на особу - 4, Ціна - 750.0грн Рівень комфортності 2
, Назва вагона  - Бізнес клас, К-сть місць - 20, К-сть сумок на особу - 10, Ціна - 2000.0грн Рівень комфортності 3
, Назва вагона  - Бізнес клас, К-сть місць - 20, К-сть сумок на особу - 10, Ціна - 2000.0грн Рівень комфортності 3
, Назва вагона  - Економ клас, К-сть місць - 60, К-сть сумок на особу - 2, Ціна - 500.0грн Рівень комфортності 1
]
2024-11-06 21:42:56 [main] ERROR Main.Main - Критична помилка у програмі.
java.util.InputMismatchException: For input string: "111111111111111111111111111"
	at java.util.Scanner.nextInt(Scanner.java:2290) ~[?:?]
	at java.util.Scanner.nextInt(Scanner.java:2238) ~[?:?]
	at Menu.Menu.menu(Menu.java:103) ~[classes/:?]
	at Main.Main.main(Main.java:11) ~[classes/:?]
2024-11-06 21:42:59 [main] INFO  Main.Main - Програма завершена.
2024-11-06 21:49:25 [main] INFO  Main.Main - Запуск програми.
